Starting warpd v1.3.5 (built from: effea40)
[2189144.533] {Default Queue}  -> wl_display#1.get_registry(new id wl_registry#2)
[2189144.638] {Default Queue} wl_registry#2.global(1, "wl_seat", 9)
[2189144.644] {Default Queue}  -> wl_registry#2.bind(1, "wl_seat", 7, new id [unknown]#3)
[2189144.647] {Default Queue}  -> wl_seat#3.get_keyboard(new id wl_keyboard#4)
[2189144.648] {Default Queue}  -> wl_seat#3.get_pointer(new id wl_pointer#5)
[2189144.650] {Default Queue} wl_registry#2.global(2, "wl_data_device_manager", 3)
[2189144.652] {Default Queue} wl_registry#2.global(3, "wl_compositor", 6)
[2189144.654] {Default Queue}  -> wl_registry#2.bind(3, "wl_compositor", 4, new id [unknown]#6)
[2189144.656] {Default Queue} wl_registry#2.global(4, "wl_subcompositor", 1)
[2189144.657] {Default Queue} wl_registry#2.global(5, "wl_shm", 1)
[2189144.659] {Default Queue}  -> wl_registry#2.bind(5, "wl_shm", 1, new id [unknown]#7)
[2189144.661] {Default Queue} wl_registry#2.global(6, "wp_viewporter", 1)
[2189144.662] {Default Queue} wl_registry#2.global(7, "wp_tearing_control_manager_v1", 1)
[2189144.664] {Default Queue} wl_registry#2.global(8, "wp_fractional_scale_manager_v1", 1)
[2189144.666] {Default Queue} wl_registry#2.global(9, "zxdg_output_manager_v1", 3)
[2189144.670] {Default Queue}  -> wl_registry#2.bind(9, "zxdg_output_manager_v1", 3, new id [unknown]#8)
[2189144.672] {Default Queue} wl_registry#2.global(10, "wp_cursor_shape_manager_v1", 1)
[2189144.674] {Default Queue} wl_registry#2.global(11, "zwp_idle_inhibit_manager_v1", 1)
[2189144.675] {Default Queue} wl_registry#2.global(12, "zwp_relative_pointer_manager_v1", 1)
[2189144.677] {Default Queue} wl_registry#2.global(13, "zxdg_decoration_manager_v1", 1)
[2189144.678] {Default Queue} wl_registry#2.global(14, "wp_alpha_modifier_v1", 1)
[2189144.680] {Default Queue} wl_registry#2.global(15, "zwlr_gamma_control_manager_v1", 1)
[2189144.681] {Default Queue} wl_registry#2.global(16, "ext_foreign_toplevel_list_v1", 1)
[2189144.683] {Default Queue} wl_registry#2.global(17, "zwp_pointer_gestures_v1", 3)
[2189144.685] {Default Queue} wl_registry#2.global(18, "zwlr_foreign_toplevel_manager_v1", 3)
[2189144.686] {Default Queue} wl_registry#2.global(19, "zwp_keyboard_shortcuts_inhibit_manager_v1", 1)
[2189144.688] {Default Queue} wl_registry#2.global(20, "zwp_text_input_manager_v1", 1)
[2189144.689] {Default Queue} wl_registry#2.global(21, "zwp_text_input_manager_v3", 1)
[2189144.691] {Default Queue} wl_registry#2.global(22, "zwp_pointer_constraints_v1", 1)
[2189144.693] {Default Queue} wl_registry#2.global(23, "zwlr_output_power_manager_v1", 1)
[2189144.694] {Default Queue} wl_registry#2.global(24, "xdg_activation_v1", 1)
[2189144.696] {Default Queue} wl_registry#2.global(25, "ext_idle_notifier_v1", 1)
[2189144.697] {Default Queue} wl_registry#2.global(26, "ext_session_lock_manager_v1", 1)
[2189144.699] {Default Queue} wl_registry#2.global(27, "zwp_input_method_manager_v2", 1)
[2189144.700] {Default Queue} wl_registry#2.global(28, "zwp_virtual_keyboard_manager_v1", 1)
[2189144.702] {Default Queue} wl_registry#2.global(29, "zwlr_virtual_pointer_manager_v1", 2)
[2189144.704] {Default Queue}  -> wl_registry#2.bind(29, "zwlr_virtual_pointer_manager_v1", 1, new id [unknown]#9)
[2189144.706] {Default Queue}  -> zwlr_virtual_pointer_manager_v1#9.create_virtual_pointer(nil, new id zwlr_virtual_pointer_v1#10)
[2189144.709] {Default Queue} wl_registry#2.global(30, "zwlr_output_manager_v1", 4)
[2189144.710] {Default Queue} wl_registry#2.global(31, "org_kde_kwin_server_decoration_manager", 1)
[2189144.712] {Default Queue} wl_registry#2.global(32, "hyprland_focus_grab_manager_v1", 1)
[2189144.714] {Default Queue} wl_registry#2.global(33, "zwp_tablet_manager_v2", 1)
[2189144.715] {Default Queue} wl_registry#2.global(34, "zwlr_layer_shell_v1", 5)
[2189144.717] {Default Queue}  -> wl_registry#2.bind(34, "zwlr_layer_shell_v1", 2, new id [unknown]#11)
[2189144.719] {Default Queue} wl_registry#2.global(35, "wp_presentation", 1)
[2189144.720] {Default Queue} wl_registry#2.global(36, "xdg_wm_base", 6)
[2189144.722] {Default Queue} wl_registry#2.global(37, "zwlr_data_control_manager_v1", 2)
[2189144.728] {Default Queue} wl_registry#2.global(38, "zwp_primary_selection_device_manager_v1", 1)
[2189144.730] {Default Queue} wl_registry#2.global(39, "xwayland_shell_v1", 1)
[2189144.731] {Default Queue} wl_registry#2.global(40, "zwlr_screencopy_manager_v1", 3)
[2189144.733] {Default Queue} wl_registry#2.global(41, "hyprland_toplevel_export_manager_v1", 2)
[2189144.734] {Default Queue} wl_registry#2.global(42, "hyprland_global_shortcuts_manager_v1", 1)
[2189144.736] {Default Queue} wl_registry#2.global(43, "xdg_dialog_v1", 1)
[2189144.737] {Default Queue} wl_registry#2.global(44, "wp_single_pixel_buffer_manager_v1", 1)
[2189144.739] {Default Queue} wl_registry#2.global(45, "wp_security_context_manager_v1", 1)
[2189144.741] {Default Queue} wl_registry#2.global(46, "hyprland_ctm_control_manager_v1", 1)
[2189144.742] {Default Queue} wl_registry#2.global(47, "wp_drm_lease_device_v1", 1)
[2189144.744] {Default Queue} wl_registry#2.global(48, "wp_linux_drm_syncobj_manager_v1", 1)
[2189144.745] {Default Queue} wl_registry#2.global(49, "wl_drm", 2)
[2189144.747] {Default Queue} wl_registry#2.global(50, "zwp_linux_dmabuf_v1", 5)
[2189144.749] {Default Queue} wl_registry#2.global(51, "wl_output", 4)
[2189144.750] {Default Queue}  -> wl_registry#2.bind(51, "wl_output", 3, new id [unknown]#12)
[2189144.754] {Default Queue} wl_registry#2.global(52, "wl_output", 4)
[2189144.755] {Default Queue}  -> wl_registry#2.bind(52, "wl_output", 3, new id [unknown]#13)
[2189144.758] {Default Queue} wl_registry#2.global(53, "wl_output", 4)
[2189144.760] {Default Queue}  -> wl_registry#2.bind(53, "wl_output", 3, new id [unknown]#14)
[2189144.763] {Default Queue}  -> zxdg_output_manager_v1#8.get_xdg_output(new id zxdg_output_v1#15, wl_output#12)
[2189144.975] discarded [unknown]#3.[event 1](0 fd, 24 byte)
[2189144.978] discarded [unknown]#3.[event 0](0 fd, 12 byte)
[2189144.985] {Default Queue} wl_keyboard#4.keymap(1, fd 5, 65110)
[2189146.610] {Default Queue} wl_keyboard#4.repeat_info(25, 600)
[2189146.617] {Default Queue} discarded wl_shm#7.format(0)
[2189146.618] {Default Queue} discarded wl_shm#7.format(1)
[2189146.620] {Default Queue} discarded wl_shm#7.format(875709016)
[2189146.621] {Default Queue} discarded wl_shm#7.format(875708993)
[2189146.622] {Default Queue} discarded wl_shm#7.format(808669784)
[2189146.624] {Default Queue} discarded wl_shm#7.format(808669761)
[2189146.625] {Default Queue} discarded wl_shm#7.format(808665688)
[2189146.626] {Default Queue} discarded wl_shm#7.format(808665665)
[2189146.627] {Default Queue} discarded wl_output#12.scale(2)
[2189146.629] {Default Queue} discarded wl_output#12.mode(1, 4096, 2160, 29969)
[2189146.631] {Default Queue} discarded wl_output#12.geometry(0, 0, 950, 540, 0, "Samsung Electric Company", "SAMSUNG", 0)
[2189146.633] {Default Queue} discarded wl_output#12.done()
[2189146.634] {Default Queue} discarded wl_output#13.scale(1)
[2189146.635] {Default Queue} discarded wl_output#13.mode(1, 1920, 1080, 60000)
[2189146.637] {Default Queue} discarded wl_output#13.geometry(0, 0, 530, 300, 0, "LG Electronics", "E2411", 0)
[2189146.639] {Default Queue} discarded wl_output#13.done()
[2189146.640] {Default Queue} discarded wl_output#14.scale(1)
[2189146.641] {Default Queue} discarded wl_output#14.mode(1, 2560, 1440, 119998)
[2189146.643] {Default Queue} discarded wl_output#14.geometry(0, 0, 600, 340, 0, "Samsung Electric Company", "C27JG5x", 0)
[2189146.645] {Default Queue} discarded wl_output#14.done()
[2189146.646] {Default Queue} zxdg_output_v1#15.name("DP-2")
[2189146.648] {Default Queue} zxdg_output_v1#15.description("Samsung Electric Company SAMSUNG 0x01000E00 (DP-2)")
[2189146.649] {Default Queue} zxdg_output_v1#15.logical_position(2560, 180)
[2189146.651] {Default Queue} zxdg_output_v1#15.logical_size(2048, 1080)
[2189146.652] {Default Queue} discarded wl_output#12.done()
[2189147.388] {Default Queue}  -> wl_shm#7.create_pool(new id wl_shm_pool#16, fd 7, 8847360)
[2189147.430] {Default Queue}  -> wl_shm_pool#16.create_buffer(new id wl_buffer#17, 0, 2048, 1080, 8192, 0)
[2189147.437] {Default Queue}  -> wl_shm_pool#16.destroy()
[2189147.472] {Default Queue}  -> zxdg_output_manager_v1#8.get_xdg_output(new id zxdg_output_v1#18, wl_output#13)
[2189155.942] {Display Queue} wl_display#1.delete_id(16)
[2189155.956] {Default Queue} zxdg_output_v1#18.name("HDMI-A-2")
[2189155.958] {Default Queue} zxdg_output_v1#18.description("LG Electronics E2411 111NDQA3Z996 (HDMI-A-2)")
[2189155.960] {Default Queue} zxdg_output_v1#18.logical_position(2560, 1260)
[2189155.962] {Default Queue} zxdg_output_v1#18.logical_size(1920, 1080)
[2189155.964] {Default Queue} discarded wl_output#13.done()
[2189156.697] {Default Queue}  -> wl_shm#7.create_pool(new id wl_shm_pool#16, fd 7, 8294400)
[2189156.711] {Default Queue}  -> wl_shm_pool#16.create_buffer(new id wl_buffer#19, 0, 1920, 1080, 7680, 0)
[2189156.714] {Default Queue}  -> wl_shm_pool#16.destroy()
[2189156.720] {Default Queue}  -> zxdg_output_manager_v1#8.get_xdg_output(new id zxdg_output_v1#20, wl_output#14)
[2189164.358] {Display Queue} wl_display#1.delete_id(16)
[2189164.372] {Default Queue} zxdg_output_v1#20.name("DP-3")
[2189164.374] {Default Queue} zxdg_output_v1#20.description("Samsung Electric Company C27JG5x HTOM400060 (DP-3)")
[2189164.380] {Default Queue} zxdg_output_v1#20.logical_position(0, 0)
[2189164.382] {Default Queue} zxdg_output_v1#20.logical_size(2560, 1440)
[2189164.384] {Default Queue} discarded wl_output#14.done()
[2189165.731] {Default Queue}  -> wl_shm#7.create_pool(new id wl_shm_pool#16, fd 7, 14745600)
[2189165.744] {Default Queue}  -> wl_shm_pool#16.create_buffer(new id wl_buffer#21, 0, 2560, 1440, 10240, 0)
[2189165.747] {Default Queue}  -> wl_shm_pool#16.destroy()
[2189165.759] {Default Queue}  -> wl_shm#7.create_pool(new id wl_shm_pool#22, fd 8, 4)
[2189165.765] {Default Queue}  -> wl_shm_pool#22.create_buffer(new id wl_buffer#23, 0, 1, 1, 4, 0)
[2189165.767] {Default Queue}  -> wl_shm_pool#22.destroy()
[2189165.770] {Default Queue}  -> wl_compositor#6.create_surface(new id wl_surface#24)
[2189165.773] {Default Queue}  -> zwlr_layer_shell_v1#11.get_layer_surface(new id zwlr_layer_surface_v1#25, wl_surface#24, nil, 3, "warpd")
[2189165.776] {Default Queue}  -> zwlr_layer_surface_v1#25.set_size(10, 10)
[2189165.778] {Default Queue}  -> zwlr_layer_surface_v1#25.set_anchor(5)
[2189165.780] {Default Queue}  -> zwlr_layer_surface_v1#25.set_margin(0, 0, 0, 0)
[2189165.781] {Default Queue}  -> zwlr_layer_surface_v1#25.set_exclusive_zone(-1)
[2189165.783] {Default Queue}  -> wl_surface#24.commit()
[2189180.709] {Display Queue} wl_display#1.delete_id(16)
[2189180.724] {Display Queue} wl_display#1.delete_id(22)
[2189180.726] {Default Queue} zwlr_layer_surface_v1#25.configure(14062, 10, 10)
[2189180.729] {Default Queue}  -> zwlr_layer_surface_v1#25.ack_configure(14062)
[2189180.731] {Default Queue}  -> wl_surface#24.attach(wl_buffer#23, 0, 0)
[2189180.734] {Default Queue}  -> wl_surface#24.commit()
[2189181.211] {Default Queue} discarded wl_buffer#23.release()
[2189181.215] {Default Queue} wl_surface#24.enter(wl_output#13)
[2189181.223] {Default Queue}  -> wl_surface#24.destroy()
[2189181.226] {Default Queue}  -> zwlr_layer_surface_v1#25.destroy()
[2189181.228] {Default Queue}  -> wl_buffer#23.destroy()
[2189181.229] {Default Queue}  -> wl_compositor#6.create_surface(new id wl_surface#22)
[2189181.232] {Default Queue}  -> zwlr_layer_shell_v1#11.get_layer_surface(new id zwlr_layer_surface_v1#16, wl_surface#22, wl_output#13, 3, "warpd")
[2189181.235] {Default Queue}  -> zwlr_layer_surface_v1#16.set_size(10, 10)
[2189181.237] {Default Queue}  -> zwlr_layer_surface_v1#16.set_anchor(5)
[2189181.239] {Default Queue}  -> zwlr_layer_surface_v1#16.set_margin(0, 0, 0, 0)
[2189181.241] {Default Queue}  -> zwlr_layer_surface_v1#16.set_exclusive_zone(-1)
[2189181.242] {Default Queue}  -> wl_surface#22.commit()
[2189181.547] {Display Queue} wl_display#1.delete_id(25)
[2189181.555] {Display Queue} wl_display#1.delete_id(24)
[2189181.557] {Display Queue} wl_display#1.error(wl_display#1, 0, "invalid object 25")
wl_display#1: error 0: invalid object 25
